app/build/intermediates/manifest_merge_blame_file/debug/manifest-merger-blame-debug-report.txt
1<?xml version="1.0" encoding="utf-8"?>
2<manifest xmlns:android="http://schemas.android.com/apk/res/android"
3    package="com.smb116.tp8"
4    android:versionCode="1"
5    android:versionName="1.0" >
6
7    <uses-sdk
8        android:minSdkVersion="16"
8-->src/main/AndroidManifest.xml
9        android:targetSdkVersion="30" />
9-->src/main/AndroidManifest.xml
10
11    <uses-permission android:name="android.permission.RECEIVE_SMS" />
11-->src/main/AndroidManifest.xml:5:5-70
11-->src/main/AndroidManifest.xml:5:22-67
12    <uses-permission android:name="android.permission.WRITE_SMS" />
12-->src/main/AndroidManifest.xml:6:5-68
12-->src/main/AndroidManifest.xml:6:22-65
13    <uses-permission android:name="android.permission.SEND_SMS" />
13-->src/main/AndroidManifest.xml:7:5-67
13-->src/main/AndroidManifest.xml:7:22-64
14    <uses-permission android:name="android.permission.READ_SMS" />
14-->src/main/AndroidManifest.xml:8:5-67
14-->src/main/AndroidManifest.xml:8:22-64
15    <uses-permission android:name="android.permission.ACCESS_COARSE_LOCATION" />
15-->src/main/AndroidManifest.xml:9:5-81
15-->src/main/AndroidManifest.xml:9:22-78
16    <uses-permission android:name="android.permission.ACCESS_FINE_LOCATION" />
16-->src/main/AndroidManifest.xml:10:5-79
16-->src/main/AndroidManifest.xml:10:22-76
17    <uses-permission android:name="android.permission.INTERNET" />
17-->src/main/AndroidManifest.xml:11:5-67
17-->src/main/AndroidManifest.xml:11:22-64
18
19    <application
19-->src/main/AndroidManifest.xml:13:5-42:19
20        android:allowBackup="true"
20-->src/main/AndroidManifest.xml:14:9-35
21        android:appComponentFactory="androidx.core.app.CoreComponentFactory"
21-->[androidx.core:core:1.3.1] AndroidManifest.xml:24:18-86
22        android:debuggable="true"
23        android:icon="@mipmap/ic_launcher"
23-->src/main/AndroidManifest.xml:15:9-43
24        android:label="@string/app_name"
24-->src/main/AndroidManifest.xml:16:9-41
25        android:roundIcon="@mipmap/ic_launcher_round"
25-->src/main/AndroidManifest.xml:17:9-54
26        android:supportsRtl="true"
26-->src/main/AndroidManifest.xml:18:9-35
27        android:testOnly="true"
28        android:theme="@style/Theme.TP8" >
28-->src/main/AndroidManifest.xml:19:9-41
29        <service
29-->src/main/AndroidManifest.xml:20:9-23:47
30            android:name="com.smb116.tp8.tp9_sensors_extras.StatusAndLocationService"
30-->src/main/AndroidManifest.xml:21:13-72
31            android:enabled="true"
31-->src/main/AndroidManifest.xml:22:13-35
32            android:exported="true" />
32-->src/main/AndroidManifest.xml:23:13-36
33        <service
33-->src/main/AndroidManifest.xml:24:9-27:39
34            android:name="com.smb116.tp8.BroadcastService"
34-->src/main/AndroidManifest.xml:25:13-45
35            android:enabled="true"
35-->src/main/AndroidManifest.xml:26:13-35
36            android:exported="true" />
36-->src/main/AndroidManifest.xml:27:13-36
37
38        <activity android:name="com.smb116.tp8.MainActivity" >
38-->src/main/AndroidManifest.xml:29:9-40:20
38-->src/main/AndroidManifest.xml:29:19-47
39            <intent-filter>
39-->src/main/AndroidManifest.xml:30:13-34:29
40                <action android:name="android.intent.action.MAIN" />
40-->src/main/AndroidManifest.xml:31:17-69
40-->src/main/AndroidManifest.xml:31:25-66
41
42                <category android:name="android.intent.category.LAUNCHER" />
42-->src/main/AndroidManifest.xml:33:17-77
42-->src/main/AndroidManifest.xml:33:27-74
43            </intent-filter>
44            <intent-filter>
44-->src/main/AndroidManifest.xml:35:13-39:29
45                <action android:name="APPLI_TP8" />
45-->src/main/AndroidManifest.xml:36:17-52
45-->src/main/AndroidManifest.xml:36:25-49
46
47                <category android:name="android.intent.category.DEFAULT" />
47-->src/main/AndroidManifest.xml:38:17-76
47-->src/main/AndroidManifest.xml:38:27-73
48            </intent-filter>
49        </activity>
50        <activity android:name="com.smb116.tp8.tp9_sensors_extras.Tp9Sensors" />
50-->src/main/AndroidManifest.xml:41:9-67
50-->src/main/AndroidManifest.xml:41:19-64
51    </application>
52
53</manifest>